<?xml version="1.0" encoding="UTF-8"?>
<testsuite name="controllers.HouseAPITest$HouseToBeSold" tests="3" skipped="0" failures="0" errors="0" timestamp="2022-04-29T14:07:41" hostname="LAPTOP-JCT7DJ1T" time="0.014">
  <properties/>
  <testcase name="selling an unsold house that exists returns true and sells()" classname="controllers.HouseAPITest$HouseToBeSold" time="0.003"/>
  <testcase name="selling a house that does not exist returns false()" classname="controllers.HouseAPITest$HouseToBeSold" time="0.002"/>
  <testcase name="selling an already sold house returns false()" classname="controllers.HouseAPITest$HouseToBeSold" time="0.002"/>
  <system-out><![CDATA[]]></system-out>
  <system-err><![CDATA[]]></system-err>
</testsuite>
