<?xml version="1.0" encoding="UTF-8"?>
<testsuite name="controllers.HouseAPITest$PersistenceTests$SearchMethods" tests="2" skipped="0" failures="0" errors="0" timestamp="2022-04-29T15:28:41" hostname="LAPTOP-JCT7DJ1T" time="0.028">
  <properties/>
  <testcase name="search notes by category returns no houses when no houses with that category exist()" classname="controllers.HouseAPITest$PersistenceTests$SearchMethods" time="0.024"/>
  <testcase name="search houses by category returns Houses when Houses with that category exist()" classname="controllers.HouseAPITest$PersistenceTests$SearchMethods" time="0.003"/>
  <system-out><![CDATA[]]></system-out>
  <system-err><![CDATA[]]></system-err>
</testsuite>
