<?xml version="1.0" encoding="UTF-8"?>
<testsuite name="controllers.HouseAPITest$PersistenceTests" tests="4" skipped="0" failures="0" errors="0" timestamp="2022-04-29T15:28:40" hostname="LAPTOP-JCT7DJ1T" time="0.965">
  <properties/>
  <testcase name="saving and loading an empty collection in XML doesn't crash app()" classname="controllers.HouseAPITest$PersistenceTests" time="0.78"/>
  <testcase name="saving and loading an loaded collection in JSON doesn't loose data()" classname="controllers.HouseAPITest$PersistenceTests" time="0.123"/>
  <testcase name="saving and loading an loaded collection in XML doesn't loose data()" classname="controllers.HouseAPITest$PersistenceTests" time="0.035"/>
  <testcase name="saving and loading an empty collection in JSON doesn't crash app()" classname="controllers.HouseAPITest$PersistenceTests" time="0.021"/>
  <system-out><![CDATA[]]></system-out>
  <system-err><![CDATA[]]></system-err>
</testsuite>
