<?xml version="1.0" encoding="UTF-8"?>
<testsuite name="controllers.HouseAPITest$SearchMethods" tests="2" skipped="0" failures="0" errors="0" timestamp="2022-04-17T22:18:05" hostname="LAPTOP-JCT7DJ1T" time="0.12">
  <properties/>
  <testcase name="search notes by category returns no houses when no houses with that category exist()" classname="controllers.HouseAPITest$SearchMethods" time="0.111"/>
  <testcase name="search houses by category returns Houses when Houses with that category exist()" classname="controllers.HouseAPITest$SearchMethods" time="0.007"/>
  <system-out><![CDATA[]]></system-out>
  <system-err><![CDATA[]]></system-err>
</testsuite>
