<?xml version="1.0" encoding="UTF-8"?>
<testsuite name="controllers.HouseAPITest$DeleteHouses" tests="2" skipped="0" failures="0" errors="0" timestamp="2022-04-29T14:07:40" hostname="LAPTOP-JCT7DJ1T" time="0.012">
  <properties/>
  <testcase name="deleting a house that exists delete and returns deleted object()" classname="controllers.HouseAPITest$DeleteHouses" time="0.003"/>
  <testcase name="deleting a House that does not exist, returns null()" classname="controllers.HouseAPITest$DeleteHouses" time="0.007"/>
  <system-out><![CDATA[]]></system-out>
  <system-err><![CDATA[]]></system-err>
</testsuite>
