<?xml version="1.0" encoding="UTF-8"?>
<testsuite name="controllers.HouseAPITest$PersistenceTests" tests="6" skipped="0" failures="0" errors="0" timestamp="2022-04-29T14:07:40" hostname="LAPTOP-JCT7DJ1T" time="1.351">
  <properties/>
  <testcase name="saving and loading an empty collection in XML doesn't crash app()" classname="controllers.HouseAPITest$PersistenceTests" time="1.017"/>
  <testcase name="saving and loading an loaded collection in YAML doesn't loose data()" classname="controllers.HouseAPITest$PersistenceTests" time="0.147"/>
  <testcase name="saving and loading an loaded collection in JSON doesn't loose data()" classname="controllers.HouseAPITest$PersistenceTests" time="0.067"/>
  <testcase name="saving and loading an empty collection in YAML doesn't crash app()" classname="controllers.HouseAPITest$PersistenceTests" time="0.027"/>
  <testcase name="saving and loading an loaded collection in XML doesn't loose data()" classname="controllers.HouseAPITest$PersistenceTests" time="0.057"/>
  <testcase name="saving and loading an empty collection in JSON doesn't crash app()" classname="controllers.HouseAPITest$PersistenceTests" time="0.024"/>
  <system-out><![CDATA[]]></system-out>
  <system-err><![CDATA[]]></system-err>
</testsuite>
