<?xml version="1.0" encoding="UTF-8"?>
<testsuite name="controllers.HouseUtilitiesTest" tests="5" skipped="0" failures="0" errors="0" timestamp="2022-04-29T15:28:41" hostname="LAPTOP-JCT7DJ1T" time="0.015">
  <properties/>
  <testcase name="isValidCategoryFalseWhenCategoryDoesNotExist()" classname="controllers.HouseUtilitiesTest" time="0.003"/>
  <testcase name="validRangeWorksWithNegativeTestData()" classname="controllers.HouseUtilitiesTest" time="0.001"/>
  <testcase name="validRangeWorksWithPositiveTestData()" classname="controllers.HouseUtilitiesTest" time="0.003"/>
  <testcase name="isValidCategoryTrueWhenCategoryExists()" classname="controllers.HouseUtilitiesTest" time="0.002"/>
  <testcase name="categoriesReturnsFullCategoriesSet()" classname="controllers.HouseUtilitiesTest" time="0.001"/>
  <system-out><![CDATA[]]></system-out>
  <system-err><![CDATA[]]></system-err>
</testsuite>
