<?xml version="1.0" encoding="UTF-8"?>
<testsuite name="controllers.HouseAPITest$UpdateHouses" tests="2" skipped="0" failures="0" errors="0" timestamp="2022-04-29T15:28:40" hostname="LAPTOP-JCT7DJ1T" time="0.007">
  <properties/>
  <testcase name="updating a house that does not exist returns false()" classname="controllers.HouseAPITest$UpdateHouses" time="0.003"/>
  <testcase name="updating a house that exists returns true and updates()" classname="controllers.HouseAPITest$UpdateHouses" time="0.002"/>
  <system-out><![CDATA[]]></system-out>
  <system-err><![CDATA[]]></system-err>
</testsuite>
