<?xml version="1.0" encoding="UTF-8"?>
<testsuite name="controllers.HouseAPITest$AddHouses" tests="2" skipped="0" failures="0" errors="0" timestamp="2022-04-30T19:03:18" hostname="LAPTOP-JCT7DJ1T" time="0.157">
  <properties/>
  <testcase name="adding a House to a populated list adds to ArrayList()" classname="controllers.HouseAPITest$AddHouses" time="0.154"/>
  <testcase name="adding a Note to an empty list adds to ArrayList()" classname="controllers.HouseAPITest$AddHouses" time="0.002"/>
  <system-out><![CDATA[]]></system-out>
  <system-err><![CDATA[]]></system-err>
</testsuite>
