<?xml version="1.0" encoding="UTF-8"?>
<testsuite name="controllers.HouseAPITest" tests="4" skipped="0" failures="0" errors="0" timestamp="2022-04-29T14:07:39" hostname="LAPTOP-JCT7DJ1T" time="0.382">
  <properties/>
  <testcase name="listNotSoldHouses returns unSold houses when ArrayList has unsold houses stored()" classname="controllers.HouseAPITest" time="0.361"/>
  <testcase name="listNotSoldHouses returns no unsold houses when ArrayList is empty()" classname="controllers.HouseAPITest" time="0.004"/>
  <testcase name="listSoldHouses returns no sold houses when ArrayList is empty()" classname="controllers.HouseAPITest" time="0.004"/>
  <testcase name="listSoldHouses returns sold houses when ArrayList has sold houses stored()" classname="controllers.HouseAPITest" time="0.005"/>
  <system-out><![CDATA[]]></system-out>
  <system-err><![CDATA[]]></system-err>
</testsuite>
