<?xml version="1.0" encoding="UTF-8"?>
<testsuite name="controllers.HouseAPITest" tests="4" skipped="0" failures="0" errors="0" timestamp="2022-04-30T19:03:18" hostname="LAPTOP-JCT7DJ1T" time="0.193">
  <properties/>
  <testcase name="listNotSoldHouses returns unSold houses when ArrayList has unsold houses stored()" classname="controllers.HouseAPITest" time="0.185"/>
  <testcase name="listNotSoldHouses returns no unsold houses when ArrayList is empty()" classname="controllers.HouseAPITest" time="0.002"/>
  <testcase name="listSoldHouses returns no sold houses when ArrayList is empty()" classname="controllers.HouseAPITest" time="0.001"/>
  <testcase name="listSoldHouses returns sold houses when ArrayList has sold houses stored()" classname="controllers.HouseAPITest" time="0.002"/>
  <system-out><![CDATA[]]></system-out>
  <system-err><![CDATA[]]></system-err>
</testsuite>
