<?xml version="1.0" encoding="UTF-8"?>
<testsuite name="controllers.HouseAPITest$SearchMethods" tests="2" skipped="0" failures="0" errors="0" timestamp="2022-04-30T19:03:19" hostname="LAPTOP-JCT7DJ1T" time="0.026">
  <properties/>
  <testcase name="search houses by category returns Houses when Houses with that category exist()" classname="controllers.HouseAPITest$SearchMethods" time="0.02"/>
  <testcase name="search houses by category returns no houses when no houses with that category exist()" classname="controllers.HouseAPITest$SearchMethods" time="0.003"/>
  <system-out><![CDATA[]]></system-out>
  <system-err><![CDATA[]]></system-err>
</testsuite>
